{
  "stats": {
    "suites": 1,
    "tests": 3,
    "passes": 3,
    "pending": 0,
    "failures": 0,
    "start": "2022-10-04T03:20:47.061Z",
    "end": "2022-10-04T03:21:38.683Z",
    "duration": 51622,
    "testsRegistered": 3,
    "passPercent": 100,
    "pendingPercent": 0,
    "other": 0,
    "hasOther": false,
    "skipped": 0,
    "hasSkipped": false
  },
  "results": [
    {
      "uuid": "5447e815-3857-40b9-bebe-b4079f6f55f5",
      "title": "",
      "fullFile": "cypress\\e2e\\Tests\\test12.cy.js",
      "file": "cypress\\e2e\\Tests\\test12.cy.js",
      "beforeHooks": [],
      "afterHooks": [],
      "tests": [],
      "suites": [
        {
          "uuid": "e0bb19ef-ad89-4592-8ccf-68117a80b302",
          "title": "TestSuite12-Command.js",
          "fullFile": "",
          "file": "",
          "beforeHooks": [],
          "afterHooks": [],
          "tests": [
            {
              "title": "Search bar- Dress",
              "fullTitle": "TestSuite12-Command.js Search bar- Dress",
              "timedOut": null,
              "duration": 22483,
              "state": "passed",
              "speed": "slow",
              "pass": true,
              "fail": false,
              "pending": false,
              "context": null,
              "code": "cy.SearchKeyword(\"Dress\");",
              "err": {},
              "uuid": "a8c795c5-0a52-43bc-af13-ce1802d6ca87",
              "parentUUID": "e0bb19ef-ad89-4592-8ccf-68117a80b302",
              "isHook": false,
              "skipped": false
            },
            {
              "title": "Search bar- Blouse",
              "fullTitle": "TestSuite12-Command.js Search bar- Blouse",
              "timedOut": null,
              "duration": 8693,
              "state": "passed",
              "speed": "medium",
              "pass": true,
              "fail": false,
              "pending": false,
              "context": null,
              "code": "cy.SearchKeyword(\"Blouse\");",
              "err": {},
              "uuid": "cfbb9f90-a8e5-4748-beaf-abcbb6169c89",
              "parentUUID": "e0bb19ef-ad89-4592-8ccf-68117a80b302",
              "isHook": false,
              "skipped": false
            },
            {
              "title": "Search bar- T-Shirts",
              "fullTitle": "TestSuite12-Command.js Search bar- T-Shirts",
              "timedOut": null,
              "duration": 10121,
              "state": "passed",
              "speed": "slow",
              "pass": true,
              "fail": false,
              "pending": false,
              "context": null,
              "code": "cy.SearchKeyword(\"T-Shirts\");",
              "err": {},
              "uuid": "3efb584e-18b6-4fcc-a8ce-af41a542737c",
              "parentUUID": "e0bb19ef-ad89-4592-8ccf-68117a80b302",
              "isHook": false,
              "skipped": false
            }
          ],
          "suites": [],
          "passes": [
            "a8c795c5-0a52-43bc-af13-ce1802d6ca87",
            "cfbb9f90-a8e5-4748-beaf-abcbb6169c89",
            "3efb584e-18b6-4fcc-a8ce-af41a542737c"
          ],
          "failures": [],
          "pending": [],
          "skipped": [],
          "duration": 41297,
          "root": false,
          "rootEmpty": false,
          "_timeout": 2000
        }
      ],
      "passes": [],
      "failures": [],
      "pending": [],
      "skipped": [],
      "duration": 0,
      "root": true,
      "rootEmpty": true,
      "_timeout": 2000
    }
  ],
  "meta": {
    "mocha": {
      "version": "7.0.1"
    },
    "mochawesome": {
      "options": {
        "quiet": false,
        "reportFilename": "report",
        "saveHtml": true,
        "saveJson": true,
        "consoleReporter": "spec",
        "useInlineDiffs": false,
        "code": true
      },
      "version": "7.1.3"
    },
    "marge": {
      "options": {
        "reportDir": "cypress/reports",
        "reportFilename": "report",
        "overwrite": false,
        "html": true,
        "json": true,
        "charts": false
      },
      "version": "6.2.0"
    }
  }
}