{
  "stats": {
    "suites": 1,
    "tests": 3,
    "passes": 3,
    "pending": 0,
    "failures": 0,
    "start": "2022-10-04T03:01:08.999Z",
    "end": "2022-10-04T03:01:11.476Z",
    "duration": 2477,
    "testsRegistered": 3,
    "passPercent": 100,
    "pendingPercent": 0,
    "other": 0,
    "hasOther": false,
    "skipped": 0,
    "hasSkipped": false
  },
  "results": [
    {
      "uuid": "542952a8-45f8-426e-9de5-b089da5e98b8",
      "title": "",
      "fullFile": "cypress\\e2e\\cypress\\e2e\\2-advanced-examples\\window.cy.js",
      "file": "cypress\\e2e\\cypress\\e2e\\2-advanced-examples\\window.cy.js",
      "beforeHooks": [],
      "afterHooks": [],
      "tests": [],
      "suites": [
        {
          "uuid": "ae0754f1-da2c-4ab7-838f-1c1b7cdbdc90",
          "title": "Window",
          "fullFile": "",
          "file": "",
          "beforeHooks": [],
          "afterHooks": [],
          "tests": [
            {
              "title": "cy.window() - get the global window object",
              "fullTitle": "Window cy.window() - get the global window object",
              "timedOut": null,
              "duration": 460,
              "state": "passed",
              "speed": "fast",
              "pass": true,
              "fail": false,
              "pending": false,
              "context": null,
              "code": "// https://on.cypress.io/window\ncy.window().should('have.property', 'top');",
              "err": {},
              "uuid": "0fe1edb8-4d97-48b6-889a-5f99be763a13",
              "parentUUID": "ae0754f1-da2c-4ab7-838f-1c1b7cdbdc90",
              "isHook": false,
              "skipped": false
            },
            {
              "title": "cy.document() - get the document object",
              "fullTitle": "Window cy.document() - get the document object",
              "timedOut": null,
              "duration": 188,
              "state": "passed",
              "speed": "fast",
              "pass": true,
              "fail": false,
              "pending": false,
              "context": null,
              "code": "// https://on.cypress.io/document\ncy.document().should('have.property', 'charset').and('eq', 'UTF-8');",
              "err": {},
              "uuid": "1b13bde4-8f1f-4ae7-a15a-2d65bd5767c9",
              "parentUUID": "ae0754f1-da2c-4ab7-838f-1c1b7cdbdc90",
              "isHook": false,
              "skipped": false
            },
            {
              "title": "cy.title() - get the title",
              "fullTitle": "Window cy.title() - get the title",
              "timedOut": null,
              "duration": 180,
              "state": "passed",
              "speed": "fast",
              "pass": true,
              "fail": false,
              "pending": false,
              "context": null,
              "code": "// https://on.cypress.io/title\ncy.title().should('include', 'Kitchen Sink');",
              "err": {},
              "uuid": "b0126ee7-d223-491f-a385-8b9e7568b26d",
              "parentUUID": "ae0754f1-da2c-4ab7-838f-1c1b7cdbdc90",
              "isHook": false,
              "skipped": false
            }
          ],
          "suites": [],
          "passes": [
            "0fe1edb8-4d97-48b6-889a-5f99be763a13",
            "1b13bde4-8f1f-4ae7-a15a-2d65bd5767c9",
            "b0126ee7-d223-491f-a385-8b9e7568b26d"
          ],
          "failures": [],
          "pending": [],
          "skipped": [],
          "duration": 828,
          "root": false,
          "rootEmpty": false,
          "_timeout": 2000
        }
      ],
      "passes": [],
      "failures": [],
      "pending": [],
      "skipped": [],
      "duration": 0,
      "root": true,
      "rootEmpty": true,
      "_timeout": 2000
    }
  ],
  "meta": {
    "mocha": {
      "version": "7.0.1"
    },
    "mochawesome": {
      "options": {
        "quiet": false,
        "reportFilename": "report",
        "saveHtml": true,
        "saveJson": true,
        "consoleReporter": "spec",
        "useInlineDiffs": false,
        "code": true
      },
      "version": "7.1.3"
    },
    "marge": {
      "options": {
        "reportDir": "cypress/reports",
        "reportFilename": "report",
        "overwrite": true,
        "html": true,
        "json": true,
        "charts": false
      },
      "version": "6.2.0"
    }
  }
}